2025-11-12 12:58:43 - INFO - [*] Warehouse system initialized.
2025-11-12 12:58:43 - INFO - [Y] Moving to storage_L_5. Time: 0.83625 sec
2025-11-12 12:58:44 - INFO - [Y] Arrived at storage_L_5.
2025-11-12 12:58:44 - INFO - [X] Extracting from storage_L_5. Time: 1.67 sec
2025-11-12 12:58:46 - INFO - [*] Pickup from storage_L_5: True
2025-11-12 12:58:46 - INFO - [X] Retracting extractor. Time: 1.67 sec
2025-11-12 12:58:47 - INFO - [*] Extractor retracted.
2025-11-12 12:58:47 - INFO - [Y] Moving to queue_1. Time: 0.669 sec
2025-11-12 12:58:48 - INFO - [Y] Arrived at queue_1.
2025-11-12 12:58:48 - INFO - [X] Extracting to queue_1. Time: 1.67 sec
2025-11-12 12:58:50 - INFO - [X] Arrived at queue_1. Scheduling instant place.
2025-11-12 12:58:50 - INFO - [*] Place into queue_1: True
2025-11-12 12:58:50 - INFO - [X] Retracting extractor. Time: 0.0 sec
2025-11-12 12:58:50 - INFO - [*] Extractor retracted. Move from storage_L_5 to queue_1 complete.
2025-11-12 12:58:52 - INFO - [Y] Moving to queue_1. Time: 0.0 sec
2025-11-12 12:58:52 - INFO - [Y] Arrived at queue_1.
2025-11-12 12:58:52 - INFO - [X] Extracting from queue_1. Time: 1.67 sec
2025-11-12 12:58:54 - INFO - [*] Pickup from queue_1: True
2025-11-12 12:58:54 - INFO - [X] Retracting extractor. Time: 1.67 sec
2025-11-12 12:58:56 - INFO - [*] Extractor retracted.
2025-11-12 12:58:56 - INFO - [Y] Moving to storage_L_0. Time: 0.16725 sec
2025-11-12 12:58:56 - INFO - [Y] Arrived at storage_L_0.
2025-11-12 12:58:56 - INFO - [X] Extracting to storage_L_0. Time: 1.67 sec
2025-11-12 12:58:57 - INFO - [X] Arrived at storage_L_0. Scheduling instant place.
2025-11-12 12:58:57 - ERROR - [!] ERROR: Place failed..
2025-11-12 12:58:57 - INFO - [*] ROLLBACK started.
2025-11-12 12:58:57 - WARNING - [*] Emergency retract complete. Platform is at x=0.
2025-11-12 12:58:58 - INFO - [*] ROLLBACK: moving tray from platform to queue_1.
2025-11-12 12:58:58 - INFO - [Y] Arrived at queue_1.
2025-11-12 12:58:58 - INFO - [X] Extracting to queue_1. Time: 1.67 sec
2025-11-12 12:59:00 - INFO - [X] Arrived at queue_1. Scheduling instant place.
2025-11-12 12:59:00 - INFO - [*] Place into queue_1: True
2025-11-12 12:59:00 - INFO - [X] Retracting extractor. Time: 0.0 sec
2025-11-12 12:59:00 - INFO - [*] Extractor retracted. Rollback to queue_1 complete.
2025-11-12 12:59:01 - INFO - [*] No more commands to execute.
